<?xml version="1.0" encoding="UTF-8"?>
<!-- Generated by org.testng.reporters.JUnitReportReporter -->
<testsuite hostname="DESKTOP-VCIA1PP" failures="0" tests="1" name="com.testAutomation.tests.SearchTest" time="7.037" errors="0" timestamp="2024-04-16T12:22:51 CEST" skipped="0">
  <testcase classname="com.testAutomation.tests.SearchTest" name="productSearch" time="7.037"/>
  <system-out/>
</testsuite> <!-- com.testAutomation.tests.SearchTest -->
