<?xml version="1.0" encoding="UTF-8"?>
<!-- Generated by org.testng.reporters.JUnitReportReporter -->
<testsuite hostname="DESKTOP-VCIA1PP" failures="0" tests="1" name="com.testAutomation.tests.CheckTableRowsTest" time="11.547" errors="0" timestamp="2024-04-16T22:14:19 CEST" skipped="0">
  <testcase classname="com.testAutomation.tests.CheckTableRowsTest" name="filterTable" time="11.547"/>
  <system-out/>
</testsuite> <!-- com.testAutomation.tests.CheckTableRowsTest -->
