<?xml version="1.0" encoding="UTF-8"?>
<!-- Generated by org.testng.reporters.JUnitReportReporter -->
<testsuite hostname="DESKTOP-VCIA1PP" failures="0" tests="1" name="com.testAutomation.tests.AllScenariosTest" time="60.556" errors="0" timestamp="2024-04-16T22:03:19 CEST" skipped="0">
  <testcase classname="com.testAutomation.tests.AllScenariosTest" name="validateLoginCredentails" time="60.556"/>
  <system-out/>
</testsuite> <!-- com.testAutomation.tests.AllScenariosTest -->
