<?xml version="1.0" encoding="UTF-8"?>
<!-- Generated by org.testng.reporters.JUnitReportReporter -->
<testsuite hostname="DESKTOP-VCIA1PP" failures="0" tests="1" name="com.testAutomation.tests.SignUpTest" time="3.550" errors="0" timestamp="2024-04-16T21:57:29 CEST" skipped="0">
  <testcase classname="com.testAutomation.tests.SignUpTest" name="validateLoginCredentails" time="3.550"/>
  <system-out/>
</testsuite> <!-- com.testAutomation.tests.SignUpTest -->
