<?xml version="1.0" encoding="UTF-8"?>
<!-- Generated by org.testng.reporters.JUnitReportReporter -->
<testsuite hostname="DESKTOP-VCIA1PP" failures="0" tests="1" name="com.testAutomation.tests.SignInValidations" time="4.465" errors="0" timestamp="2024-04-16T22:16:59 CEST" skipped="0">
  <testcase classname="com.testAutomation.tests.SignInValidations" name="validateLoginCredentails" time="4.465"/>
  <system-out/>
</testsuite> <!-- com.testAutomation.tests.SignInValidations -->
