<?xml version="1.0" encoding="UTF-8"?>
<!-- Generated by org.testng.reporters.JUnitReportReporter -->
<testsuite hostname="DESKTOP-VCIA1PP" failures="0" tests="1" name="com.testAutomation.tests.CartPageTest" time="50.199" errors="0" timestamp="2024-04-15T14:56:22 CEST" skipped="0">
  <testcase classname="com.testAutomation.tests.CartPageTest" name="addProductsToCart" time="50.199"/>
  <system-out/>
</testsuite> <!-- com.testAutomation.tests.CartPageTest -->
